Turbo Assembler	 Version 3.1	    30/03/18 18:58:54	    Page 1
data32.asm



      1					 ;
      2					 ; Extended Operating System Loader (XOSL)
      3					 ; Copyright (c) 1999 by Geurt Vos
      4					 ;
      5					 ; This	code is	distributed under GNU General Public License (GPL)
      6					 ;
      7					 ; The full text of the	license	can be found in	the GPL.TXT file,
      8					 ; or at http://www.gnu.org
      9					 ;
     10
     11					 ;/*
     12					 ; * File  : INITDATA.ASM
     13					 ; * Author: Geurt Vos
     14					 ; * Date  : March 1999
     15					 ; *
     16					 ; * All pre-initialized IPL data.
     17					 ; */
     18
     19	    0000					 .model	 tiny
     20							 .386p
     21	    0000					 .code
     22
     23							 public	 LoaderName
     24							 public	 DriveNumber, DiskSectors
     25							 public	 DiskHeads, ABSSectorStart
     26							 public	 ClusterSectSize, ClusterByteSize
     27							 public	 FATStart, DataStart
     28							 public	 RootCluster
     29
     30	    0000  01*(00)				 db	 1 dup (0)	 ;Tune filesize	ipl06.bin to 440 bytes
     31
     32	    0001  58 4F	53 4C 4C 4F 41+	 LoaderName	 db	 'XOSLLOADXCF'
     33		  44 58	43 46
     34
     35
     36	    000C  0000003F		 DiskSectors	 dd	 63
     37	    0010  00000080		 DiskHeads	 dd	 128
     38
     39	    0014  0008			 ClusterSectSize dw	 0008h
     40	    0016  1000			 ClusterByteSize dw	 1000h
     41	    0018  00000020		 FATStart	 dd	 00000020h
     42	    001C  000007F0		 DataStart	 dd	 000007f0h
     43	    0020  00000002		 RootCluster	 dd	 00000002h
     44
     45	    0024  0B			 FSType		 db	 0bh
     46	    0025  80			 DriveNumber	 db	 80h
     47	    0026  00415680		 ABSSectorStart	 dd	 00415680h
     48
     49	    002A  00000000		 Password	 dd	 0
     50
     51							 end
Turbo Assembler	 Version 3.1	    30/03/18 18:58:54	    Page 2
Symbol Table




Symbol Name			  Type	 Value

??DATE				  Text	 "30/03/18"
??FILENAME			  Text	 "data32  "
??TIME				  Text	 "18:58:54"
??VERSION			  Number 030A
@32BIT				  Text	 0
@CODE				  Text	 DGROUP
@CODESIZE			  Text	 0
@CPU				  Text	 0F8FH
@CURSEG				  Text	 _TEXT
@DATA				  Text	 DGROUP
@DATASIZE			  Text	 0
@FILENAME			  Text	 DATA32
@INTERFACE			  Text	 00H
@MODEL				  Text	 1
@STACK				  Text	 DGROUP
@WORDSIZE			  Text	 2
ABSSECTORSTART (ABSSectorStart)	  Dword	 DGROUP:0026
CLUSTERBYTESIZE		       +  Word	 DGROUP:0016
(ClusterByteSize)
CLUSTERSECTSIZE		       +  Word	 DGROUP:0014
(ClusterSectSize)
DATASTART (DataStart)		  Dword	 DGROUP:001C
DISKHEADS (DiskHeads)		  Dword	 DGROUP:0010
DISKSECTORS (DiskSectors)	  Dword	 DGROUP:000C
DRIVENUMBER (DriveNumber)	  Byte	 DGROUP:0025
FATSTART (FATStart)		  Dword	 DGROUP:0018
FSTYPE				  Byte	 DGROUP:0024
LOADERNAME (LoaderName)		  Byte	 DGROUP:0001
PASSWORD			  Dword	 DGROUP:002A
ROOTCLUSTER (RootCluster)	  Dword	 DGROUP:0020

Groups & Segments		  Bit Size Align  Combine Class

DGROUP				  Group
  _DATA				  16  0000 Word	  Public  DATA
  _TEXT				  16  002E Word	  Public  CODE
